[0920/181734.416:ERROR:process_memory_win.cc(73)] ReadMemory at 0x7f72cff0000 of 64 bytes failed: Only part of a ReadProcessMemory or WriteProcessMemory request was completed. (0x12B)
[0920/181735.168:WARNING:pe_image_reader.cc(340)] could not read dos header from C:\Program Files (x86)\Google\Chrome\Application\chrome.exe
[0920/181735.168:ERROR:process_memory_win.cc(73)] ReadMemory at 0x7fe5a960000 of 64 bytes failed: Only part of a ReadProcessMemory or WriteProcessMemory request was completed. (0x12B)
[0920/181735.168:WARNING:pe_image_reader.cc(340)] could not read dos header from C:\Windows\SYSTEM32\ntdll.dll
[0920/181735.168:ERROR:process_memory_win.cc(73)] ReadMemory at 0x7fe595c0000 of 64 bytes failed: Only part of a ReadProcessMemory or WriteProcessMemory request was completed. (0x12B)
[0920/181735.216:WARNING:pe_image_reader.cc(340)] could not read dos header from C:\Windows\system32\KERNEL32.DLL
[0920/181735.216:ERROR:process_memory_win.cc(73)] ReadMemory at 0x7fe57980000 of 64 bytes failed: Only part of a ReadProcessMemory or WriteProcessMemory request was completed. (0x12B)
[0920/181735.216:WARNING:pe_image_reader.cc(340)] could not read dos header from C:\Windows\system32\KERNELBASE.dll
[0920/181735.216:ERROR:process_memory_win.cc(73)] ReadMemory at 0x7fe48d20000 of 64 bytes failed: Only part of a ReadProcessMemory or WriteProcessMemory request was completed. (0x12B)
[0920/181735.224:WARNING:pe_image_reader.cc(340)] could not read dos header from C:\Program Files (x86)\Google\Chrome\Application\85.0.4183.102\chrome_elf.dll
[0920/181735.224:ERROR:process_memory_win.cc(73)] ReadMemory at 0x7fe50ff0000 of 64 bytes failed: Only part of a ReadProcessMemory or WriteProcessMemory request was completed. (0x12B)
[0920/181735.224:WARNING:pe_image_reader.cc(340)] could not read dos header from C:\Windows\SYSTEM32\VERSION.dll
[0920/181735.224:ERROR:process_memory_win.cc(73)] ReadMemory at 0x7fe5a5e0000 of 64 bytes failed: Only part of a ReadProcessMemory or WriteProcessMemory request was completed. (0x12B)
[0920/181735.224:WARNING:pe_image_reader.cc(340)] could not read dos header from C:\Windows\system32\msvcrt.dll
[0920/181735.224:ERROR:process_memory_win.cc(73)] ReadMemory at 0x7fe5a690000 of 64 bytes failed: Only part of a ReadProcessMemory or WriteProcessMemory request was completed. (0x12B)
[0920/181735.224:WARNING:pe_image_reader.cc(340)] could not read dos header from C:\Windows\system32\ADVAPI32.dll
[0920/181735.224:ERROR:process_memory_win.cc(73)] ReadMemory at 0x7fe59a80000 of 64 bytes failed: Only part of a ReadProcessMemory or WriteProcessMemory request was completed. (0x12B)
[0920/181735.224:WARNING:pe_image_reader.cc(340)] could not read dos header from C:\Windows\SYSTEM32\sechost.dll
[0920/181735.224:ERROR:process_memory_win.cc(73)] ReadMemory at 0x7fe59c10000 of 64 bytes failed: Only part of a ReadProcessMemory or WriteProcessMemory request was completed. (0x12B)
[0920/181735.224:WARNING:pe_image_reader.cc(340)] could not read dos header from C:\Windows\system32\RPCRT4.dll
[0920/181735.224:ERROR:process_memory_win.cc(73)] ReadMemory at 0x7fe30f80000 of 64 bytes failed: Only part of a ReadProcessMemory or WriteProcessMemory request was completed. (0x12B)
[0920/181735.224:WARNING:pe_image_reader.cc(340)] could not read dos header from C:\Program Files (x86)\Google\Chrome\Application\85.0.4183.102\chrome.dll
[0920/181735.224:ERROR:process_memory_win.cc(73)] ReadMemory at 0x7fe57d40000 of 64 bytes failed: Only part of a ReadProcessMemory or WriteProcessMemory request was completed. (0x12B)
[0920/181735.224:WARNING:pe_image_reader.cc(340)] could not read dos header from C:\Windows\system32\WS2_32.dll
[0920/181735.224:ERROR:process_memory_win.cc(73)] ReadMemory at 0x7fe52750000 of 64 bytes failed: Only part of a ReadProcessMemory or WriteProcessMemory request was completed. (0x12B)
[0920/181735.224:WARNING:pe_image_reader.cc(340)] could not read dos header from C:\Windows\SYSTEM32\IPHLPAPI.DLL
[0920/181735.224:ERROR:process_memory_win.cc(73)] ReadMemory at 0x7fe5a110000 of 64 bytes failed: Only part of a ReadProcessMemory or WriteProcessMemory request was completed. (0x12B)
[0920/181735.224:WARNING:pe_image_reader.cc(340)] could not read dos header from C:\Windows\system32\OLEAUT32.dll
[0920/181735.224:ERROR:process_memory_win.cc(73)] ReadMemory at 0x7fe52ee0000 of 64 bytes failed: Only part of a ReadProcessMemory or WriteProcessMemory request was completed. (0x12B)
[0920/181735.224:WARNING:pe_image_reader.cc(340)] could not read dos header from C:\Windows\SYSTEM32\WINMM.dll
[0920/181735.224:ERROR:process_memory_win.cc(73)] ReadMemory at 0x7fe546e0000 of 64 bytes failed: Only part of a ReadProcessMemory or WriteProcessMemory request was completed. (0x12B)
[0920/181735.224:WARNING:pe_image_reader.cc(340)] could not read dos header from C:\Windows\SYSTEM32\UIAutomationCore.DLL
[0920/181735.224:ERROR:process_memory_win.cc(73)] ReadMemory at 0x7fe4e840000 of 64 bytes failed: Only part of a ReadProcessMemory or WriteProcessMemory request was completed. (0x12B)
[0920/181735.224:WARNING:pe_image_reader.cc(340)] could not read dos header from C:\Windows\SYSTEM32\Secur32.dll
[0920/181735.224:ERROR:process_memory_win.cc(73)] ReadMemory at 0x7fe56e30000 of 64 bytes failed: Only part of a ReadProcessMemory or WriteProcessMemory request was completed. (0x12B)
[0920/181735.224:WARNING:pe_image_reader.cc(340)] could not read dos header from C:\Windows\SYSTEM32\USERENV.dll
[0920/181735.224:ERROR:process_memory_win.cc(73)] ReadMemory at 0x7fe57ce0000 of 64 bytes failed: Only part of a ReadProcessMemory or WriteProcessMemory request was completed. (0x12B)
[0920/181735.224:WARNING:pe_image_reader.cc(340)] could not read dos header from C:\Windows\system32\WINTRUST.dll
[0920/181735.224:ERROR:process_memory_win.cc(73)] ReadMemory at 0x7fe57b00000 of 64 bytes failed: Only part of a ReadProcessMemory or WriteProcessMemory request was completed. (0x12B)
[0920/181735.224:WARNING:pe_image_reader.cc(340)] could not read dos header from C:\Windows\system32\CRYPT32.dll
[0920/181735.224:ERROR:process_memory_win.cc(73)] ReadMemory at 0x7fe552f0000 of 64 bytes failed: Only part of a ReadProcessMemory or WriteProcessMemory request was completed. (0x12B)
[0920/181735.224:WARNING:pe_image_reader.cc(340)] could not read dos header from C:\Windows\SYSTEM32\DWrite.dll
[0920/181735.224:ERROR:process_memory_win.cc(73)] ReadMemory at 0x7fe554c0000 of 64 bytes failed: Only part of a ReadProcessMemory or WriteProcessMemory request was completed. (0x12B)
[0920/181735.224:WARNING:pe_image_reader.cc(340)] could not read dos header from C:\Windows\SYSTEM32\WINSPOOL.DRV
[0920/181735.224:ERROR:process_memory_win.cc(73)] ReadMemory at 0x7fe47df0000 of 64 bytes failed: Only part of a ReadProcessMemory or WriteProcessMemory request was completed. (0x12B)
[0920/181735.224:WARNING:pe_image_reader.cc(340)] could not read dos header from C:\Windows\SYSTEM32\dbghelp.dll
[0920/181735.224:ERROR:process_memory_win.cc(73)] ReadMemory at 0x7fe50d00000 of 64 bytes failed: Only part of a ReadProcessMemory or WriteProcessMemory request was completed. (0x12B)
[0920/181735.224:WARNING:pe_image_reader.cc(340)] could not read dos header from C:\Windows\SYSTEM32\WINHTTP.dll
[0920/181735.224:ERROR:process_memory_win.cc(73)] ReadMemory at 0x7fe52290000 of 64 bytes failed: Only part of a ReadProcessMemory or WriteProcessMemory request was completed. (0x12B)
[0920/181735.224:WARNING:pe_image_reader.cc(340)] could not read dos header from C:\Windows\SYSTEM32\dhcpcsvc.DLL
[0920/181735.224:ERROR:process_memory_win.cc(73)] ReadMemory at 0x7fe59c00000 of 64 bytes failed: Only part of a ReadProcessMemory or WriteProcessMemory request was completed. (0x12B)
[0920/181735.224:WARNING:pe_image_reader.cc(340)] could not read dos header from C:\Windows\system32\NSI.dll
[0920/181735.224:ERROR:process_memory_win.cc(73)] ReadMemory at 0x7fe52730000 of 64 bytes failed: Only part of a ReadProcessMemory or WriteProcessMemory request was completed. (0x12B)
[0920/181735.224:WARNING:pe_image_reader.cc(340)] could not read dos header from C:\Windows\SYSTEM32\WINNSI.DLL
[0920/181735.224:ERROR:process_memory_win.cc(73)] ReadMemory at 0x7fe5a3d0000 of 64 bytes failed: Only part of a ReadProcessMemory or WriteProcessMemory request was completed. (0x12B)
[0920/181735.224:WARNING:pe_image_reader.cc(340)] could not read dos header from C:\Windows\system32\combase.dll
[0920/181735.224:ERROR:process_memory_win.cc(73)] ReadMemory at 0x7fe52ea0000 of 64 bytes failed: Only part of a ReadProcessMemory or WriteProcessMemory request was completed. (0x12B)
[0920/181735.224:WARNING:pe_image_reader.cc(340)] could not read dos header from C:\Windows\SYSTEM32\WINMMBASE.dll
[0920/181735.224:ERROR:process_memory_win.cc(73)] ReadMemory at 0x7fe5a1e0000 of 64 bytes failed: Only part of a ReadProcessMemory or WriteProcessMemory request was completed. (0x12B)
[0920/181735.224:WARNING:pe_image_reader.cc(340)] could not read dos header from C:\Windows\system32\USER32.dll
[0920/181735.224:ERROR:process_memory_win.cc(73)] ReadMemory at 0x7fe57800000 of 64 bytes failed: Only part of a ReadProcessMemory or WriteProcessMemory request was completed. (0x12B)
[0920/181735.224:WARNING:pe_image_reader.cc(340)] could not read dos header from C:\Windows\SYSTEM32\profapi.dll
[0920/181735.232:ERROR:process_memory_win.cc(73)] ReadMemory at 0x7fe578b0000 of 64 bytes failed: Only part of a ReadProcessMemory or WriteProcessMemory request was completed. (0x12B)
[0920/181735.232:WARNING:pe_image_reader.cc(340)] could not read dos header from C:\Windows\system32\MSASN1.dll
[0920/181735.232:ERROR:process_memory_win.cc(73)] ReadMemory at 0x7fe57ab0000 of 64 bytes failed: Only part of a ReadProcessMemory or WriteProcessMemory request was completed. (0x12B)
[0920/181735.232:WARNING:pe_image_reader.cc(340)] could not read dos header from C:\Windows\SYSTEM32\cfgmgr32.dll
[0920/181735.232:ERROR:process_memory_win.cc(73)] ReadMemory at 0x7fe57a80000 of 64 bytes failed: Only part of a ReadProcessMemory or WriteProcessMemory request was completed. (0x12B)
[0920/181735.232:WARNING:pe_image_reader.cc(340)] could not read dos header from C:\Windows\system32\DEVOBJ.dll
[0920/181735.232:ERROR:process_memory_win.cc(73)] ReadMemory at 0x7fe59910000 of 64 bytes failed: Only part of a ReadProcessMemory or WriteProcessMemory request was completed. (0x12B)
[0920/181735.232:WARNING:pe_image_reader.cc(340)] could not read dos header from C:\Windows\system32\GDI32.dll
[0920/181735.232:ERROR:process_memory_win.cc(73)] ReadMemory at 0x7fe575b0000 of 64 bytes failed: Only part of a ReadProcessMemory or WriteProcessMemory request was completed. (0x12B)
[0920/181735.232:WARNING:pe_image_reader.cc(340)] could not read dos header from C:\Windows\SYSTEM32\SSPICLI.DLL
[0920/181735.232:ERROR:process_memory_win.cc(73)] ReadMemory at 0x7fe59090000 of 64 bytes failed: Only part of a ReadProcessMemory or WriteProcessMemory request was completed. (0x12B)
[0920/181735.232:WARNING:pe_image_reader.cc(340)] could not read dos header from C:\Windows\system32\IMM32.DLL
[0920/181735.232:ERROR:process_memory_win.cc(73)] ReadMemory at 0x7fe59ad0000 of 64 bytes failed: Only part of a ReadProcessMemory or WriteProcessMemory request was completed. (0x12B)
[0920/181735.232:WARNING:pe_image_reader.cc(340)] could not read dos header from C:\Windows\system32\MSCTF.dll
[0920/181735.232:ERROR:process_memory_win.cc(73)] ReadMemory at 0x7fe57640000 of 64 bytes failed: Only part of a ReadProcessMemory or WriteProcessMemory request was completed. (0x12B)
[0920/181735.232:WARNING:pe_image_reader.cc(340)] could not read dos header from C:\Windows\SYSTEM32\cryptbase.dll
[0920/181735.232:ERROR:process_memory_win.cc(73)] ReadMemory at 0x7fe575e0000 of 64 bytes failed: Only part of a ReadProcessMemory or WriteProcessMemory request was completed. (0x12B)
[0920/181735.232:WARNING:pe_image_reader.cc(340)] could not read dos header from C:\Windows\SYSTEM32\bcryptPrimitives.dll
[0920/181735.432:ERROR:process_memory_win.cc(73)] ReadMemory at 0x7f72cff0000 of 64 bytes failed: Only part of a ReadProcessMemory or WriteProcessMemory request was completed. (0x12B)
[0920/181735.432:WARNING:pe_image_reader.cc(340)] could not read dos header from C:\Program Files (x86)\Google\Chrome\Application\chrome.exe
[0920/181735.432:ERROR:process_memory_win.cc(73)] ReadMemory at 0x7fe5a960000 of 64 bytes failed: Only part of a ReadProcessMemory or WriteProcessMemory request was completed. (0x12B)
[0920/181735.432:WARNING:pe_image_reader.cc(340)] could not read dos header from C:\Windows\SYSTEM32\ntdll.dll
[0920/181735.432:ERROR:process_memory_win.cc(73)] ReadMemory at 0x7fe595c0000 of 64 bytes failed: Only part of a ReadProcessMemory or WriteProcessMemory request was completed. (0x12B)
[0920/181735.432:WARNING:pe_image_reader.cc(340)] could not read dos header from C:\Windows\system32\KERNEL32.DLL
[0920/181735.432:ERROR:process_memory_win.cc(73)] ReadMemory at 0x7fe57980000 of 64 bytes failed: Only part of a ReadProcessMemory or WriteProcessMemory request was completed. (0x12B)
[0920/181735.432:WARNING:pe_image_reader.cc(340)] could not read dos header from C:\Windows\system32\KERNELBASE.dll
[0920/181735.432:ERROR:process_memory_win.cc(73)] ReadMemory at 0x7fe48d20000 of 64 bytes failed: Only part of a ReadProcessMemory or WriteProcessMemory request was completed. (0x12B)
[0920/181735.432:WARNING:pe_image_reader.cc(340)] could not read dos header from C:\Program Files (x86)\Google\Chrome\Application\85.0.4183.102\chrome_elf.dll
[0920/181735.432:ERROR:process_memory_win.cc(73)] ReadMemory at 0x7fe50ff0000 of 64 bytes failed: Only part of a ReadProcessMemory or WriteProcessMemory request was completed. (0x12B)
[0920/181735.432:WARNING:pe_image_reader.cc(340)] could not read dos header from C:\Windows\SYSTEM32\VERSION.dll
[0920/181735.432:ERROR:process_memory_win.cc(73)] ReadMemory at 0x7fe5a5e0000 of 64 bytes failed: Only part of a ReadProcessMemory or WriteProcessMemory request was completed. (0x12B)
[0920/181735.432:WARNING:pe_image_reader.cc(340)] could not read dos header from C:\Windows\system32\msvcrt.dll
[0920/181735.432:ERROR:process_memory_win.cc(73)] ReadMemory at 0x7fe5a690000 of 64 bytes failed: Only part of a ReadProcessMemory or WriteProcessMemory request was completed. (0x12B)
[0920/181735.432:WARNING:pe_image_reader.cc(340)] could not read dos header from C:\Windows\system32\ADVAPI32.dll
[0920/181735.432:ERROR:process_memory_win.cc(73)] ReadMemory at 0x7fe59a80000 of 64 bytes failed: Only part of a ReadProcessMemory or WriteProcessMemory request was completed. (0x12B)
[0920/181735.432:WARNING:pe_image_reader.cc(340)] could not read dos header from C:\Windows\SYSTEM32\sechost.dll
[0920/181735.432:ERROR:process_memory_win.cc(73)] ReadMemory at 0x7fe59c10000 of 64 bytes failed: Only part of a ReadProcessMemory or WriteProcessMemory request was completed. (0x12B)
[0920/181735.432:WARNING:pe_image_reader.cc(340)] could not read dos header from C:\Windows\system32\RPCRT4.dll
[0920/181735.432:ERROR:process_memory_win.cc(73)] ReadMemory at 0x7fe30f80000 of 64 bytes failed: Only part of a ReadProcessMemory or WriteProcessMemory request was completed. (0x12B)
[0920/181735.432:WARNING:pe_image_reader.cc(340)] could not read dos header from C:\Program Files (x86)\Google\Chrome\Application\85.0.4183.102\chrome.dll
[0920/181735.432:ERROR:process_memory_win.cc(73)] ReadMemory at 0x7fe57d40000 of 64 bytes failed: Only part of a ReadProcessMemory or WriteProcessMemory request was completed. (0x12B)
[0920/181735.432:WARNING:pe_image_reader.cc(340)] could not read dos header from C:\Windows\system32\WS2_32.dll
[0920/181735.432:ERROR:process_memory_win.cc(73)] ReadMemory at 0x7fe52750000 of 64 bytes failed: Only part of a ReadProcessMemory or WriteProcessMemory request was completed. (0x12B)
[0920/181735.432:WARNING:pe_image_reader.cc(340)] could not read dos header from C:\Windows\SYSTEM32\IPHLPAPI.DLL
[0920/181735.432:ERROR:process_memory_win.cc(73)] ReadMemory at 0x7fe5a110000 of 64 bytes failed: Only part of a ReadProcessMemory or WriteProcessMemory request was completed. (0x12B)
[0920/181735.432:WARNING:pe_image_reader.cc(340)] could not read dos header from C:\Windows\system32\OLEAUT32.dll
[0920/181735.432:ERROR:process_memory_win.cc(73)] ReadMemory at 0x7fe52ee0000 of 64 bytes failed: Only part of a ReadProcessMemory or WriteProcessMemory request was completed. (0x12B)
[0920/181735.432:WARNING:pe_image_reader.cc(340)] could not read dos header from C:\Windows\SYSTEM32\WINMM.dll
[0920/181735.432:ERROR:process_memory_win.cc(73)] ReadMemory at 0x7fe546e0000 of 64 bytes failed: Only part of a ReadProcessMemory or WriteProcessMemory request was completed. (0x12B)
[0920/181735.432:WARNING:pe_image_reader.cc(340)] could not read dos header from C:\Windows\SYSTEM32\UIAutomationCore.DLL
[0920/181735.432:ERROR:process_memory_win.cc(73)] ReadMemory at 0x7fe4e840000 of 64 bytes failed: Only part of a ReadProcessMemory or WriteProcessMemory request was completed. (0x12B)
[0920/181735.432:WARNING:pe_image_reader.cc(340)] could not read dos header from C:\Windows\SYSTEM32\Secur32.dll
[0920/181735.432:ERROR:process_memory_win.cc(73)] ReadMemory at 0x7fe56e30000 of 64 bytes failed: Only part of a ReadProcessMemory or WriteProcessMemory request was completed. (0x12B)
[0920/181735.432:WARNING:pe_image_reader.cc(340)] could not read dos header from C:\Windows\SYSTEM32\USERENV.dll
[0920/181735.432:ERROR:process_memory_win.cc(73)] ReadMemory at 0x7fe57ce0000 of 64 bytes failed: Only part of a ReadProcessMemory or WriteProcessMemory request was completed. (0x12B)
[0920/181735.432:WARNING:pe_image_reader.cc(340)] could not read dos header from C:\Windows\system32\WINTRUST.dll
[0920/181735.432:ERROR:process_memory_win.cc(73)] ReadMemory at 0x7fe57b00000 of 64 bytes failed: Only part of a ReadProcessMemory or WriteProcessMemory request was completed. (0x12B)
[0920/181735.432:WARNING:pe_image_reader.cc(340)] could not read dos header from C:\Windows\system32\CRYPT32.dll
[0920/181735.432:ERROR:process_memory_win.cc(73)] ReadMemory at 0x7fe552f0000 of 64 bytes failed: Only part of a ReadProcessMemory or WriteProcessMemory request was completed. (0x12B)
[0920/181735.432:WARNING:pe_image_reader.cc(340)] could not read dos header from C:\Windows\SYSTEM32\DWrite.dll
[0920/181735.432:ERROR:process_memory_win.cc(73)] ReadMemory at 0x7fe554c0000 of 64 bytes failed: Only part of a ReadProcessMemory or WriteProcessMemory request was completed. (0x12B)
[0920/181735.432:WARNING:pe_image_reader.cc(340)] could not read dos header from C:\Windows\SYSTEM32\WINSPOOL.DRV
[0920/181735.432:ERROR:process_memory_win.cc(73)] ReadMemory at 0x7fe47df0000 of 64 bytes failed: Only part of a ReadProcessMemory or WriteProcessMemory request was completed. (0x12B)
[0920/181735.432:WARNING:pe_image_reader.cc(340)] could not read dos header from C:\Windows\SYSTEM32\dbghelp.dll
[0920/181735.432:ERROR:process_memory_win.cc(73)] ReadMemory at 0x7fe50d00000 of 64 bytes failed: Only part of a ReadProcessMemory or WriteProcessMemory request was completed. (0x12B)
[0920/181735.432:WARNING:pe_image_reader.cc(340)] could not read dos header from C:\Windows\SYSTEM32\WINHTTP.dll
[0920/181735.432:ERROR:process_memory_win.cc(73)] ReadMemory at 0x7fe52290000 of 64 bytes failed: Only part of a ReadProcessMemory or WriteProcessMemory request was completed. (0x12B)
[0920/181735.432:WARNING:pe_image_reader.cc(340)] could not read dos header from C:\Windows\SYSTEM32\dhcpcsvc.DLL
[0920/181735.432:ERROR:process_memory_win.cc(73)] ReadMemory at 0x7fe59c00000 of 64 bytes failed: Only part of a ReadProcessMemory or WriteProcessMemory request was completed. (0x12B)
[0920/181735.432:WARNING:pe_image_reader.cc(340)] could not read dos header from C:\Windows\system32\NSI.dll
[0920/181735.432:ERROR:process_memory_win.cc(73)] ReadMemory at 0x7fe52730000 of 64 bytes failed: Only part of a ReadProcessMemory or WriteProcessMemory request was completed. (0x12B)
[0920/181735.432:WARNING:pe_image_reader.cc(340)] could not read dos header from C:\Windows\SYSTEM32\WINNSI.DLL
[0920/181735.432:ERROR:process_memory_win.cc(73)] ReadMemory at 0x7fe5a3d0000 of 64 bytes failed: Only part of a ReadProcessMemory or WriteProcessMemory request was completed. (0x12B)
[0920/181735.432:WARNING:pe_image_reader.cc(340)] could not read dos header from C:\Windows\system32\combase.dll
[0920/181735.432:ERROR:process_memory_win.cc(73)] ReadMemory at 0x7fe52ea0000 of 64 bytes failed: Only part of a ReadProcessMemory or WriteProcessMemory request was completed. (0x12B)
[0920/181735.432:WARNING:pe_image_reader.cc(340)] could not read dos header from C:\Windows\SYSTEM32\WINMMBASE.dll
[0920/181735.432:ERROR:process_memory_win.cc(73)] ReadMemory at 0x7fe5a1e0000 of 64 bytes failed: Only part of a ReadProcessMemory or WriteProcessMemory request was completed. (0x12B)
[0920/181735.432:WARNING:pe_image_reader.cc(340)] could not read dos header from C:\Windows\system32\USER32.dll
[0920/181735.432:ERROR:process_memory_win.cc(73)] ReadMemory at 0x7fe57800000 of 64 bytes failed: Only part of a ReadProcessMemory or WriteProcessMemory request was completed. (0x12B)
[0920/181735.432:WARNING:pe_image_reader.cc(340)] could not read dos header from C:\Windows\SYSTEM32\profapi.dll
[0920/181735.432:ERROR:process_memory_win.cc(73)] ReadMemory at 0x7fe578b0000 of 64 bytes failed: Only part of a ReadProcessMemory or WriteProcessMemory request was completed. (0x12B)
[0920/181735.432:WARNING:pe_image_reader.cc(340)] could not read dos header from C:\Windows\system32\MSASN1.dll
[0920/181735.432:ERROR:process_memory_win.cc(73)] ReadMemory at 0x7fe57ab0000 of 64 bytes failed: Only part of a ReadProcessMemory or WriteProcessMemory request was completed. (0x12B)
[0920/181735.432:WARNING:pe_image_reader.cc(340)] could not read dos header from C:\Windows\SYSTEM32\cfgmgr32.dll
[0920/181735.432:ERROR:process_memory_win.cc(73)] ReadMemory at 0x7fe57a80000 of 64 bytes failed: Only part of a ReadProcessMemory or WriteProcessMemory request was completed. (0x12B)
[0920/181735.432:WARNING:pe_image_reader.cc(340)] could not read dos header from C:\Windows\system32\DEVOBJ.dll
[0920/181735.432:ERROR:process_memory_win.cc(73)] ReadMemory at 0x7fe59910000 of 64 bytes failed: Only part of a ReadProcessMemory or WriteProcessMemory request was completed. (0x12B)
[0920/181735.432:WARNING:pe_image_reader.cc(340)] could not read dos header from C:\Windows\system32\GDI32.dll
[0920/181735.432:ERROR:process_memory_win.cc(73)] ReadMemory at 0x7fe575b0000 of 64 bytes failed: Only part of a ReadProcessMemory or WriteProcessMemory request was completed. (0x12B)
[0920/181735.432:WARNING:pe_image_reader.cc(340)] could not read dos header from C:\Windows\SYSTEM32\SSPICLI.DLL
[0920/181735.432:ERROR:process_memory_win.cc(73)] ReadMemory at 0x7fe59090000 of 64 bytes failed: Only part of a ReadProcessMemory or WriteProcessMemory request was completed. (0x12B)
[0920/181735.432:WARNING:pe_image_reader.cc(340)] could not read dos header from C:\Windows\system32\IMM32.DLL
[0920/181735.432:ERROR:process_memory_win.cc(73)] ReadMemory at 0x7fe59ad0000 of 64 bytes failed: Only part of a ReadProcessMemory or WriteProcessMemory request was completed. (0x12B)
[0920/181735.432:WARNING:pe_image_reader.cc(340)] could not read dos header from C:\Windows\system32\MSCTF.dll
[0920/181735.432:ERROR:process_memory_win.cc(73)] ReadMemory at 0x7fe57640000 of 64 bytes failed: Only part of a ReadProcessMemory or WriteProcessMemory request was completed. (0x12B)
[0920/181735.432:WARNING:pe_image_reader.cc(340)] could not read dos header from C:\Windows\SYSTEM32\cryptbase.dll
[0920/181735.432:ERROR:process_memory_win.cc(73)] ReadMemory at 0x7fe575e0000 of 64 bytes failed: Only part of a ReadProcessMemory or WriteProcessMemory request was completed. (0x12B)
[0920/181735.432:WARNING:pe_image_reader.cc(340)] could not read dos header from C:\Windows\SYSTEM32\bcryptPrimitives.dll
[0920/181735.432:ERROR:process_memory_win.cc(73)] ReadMemory at 0x7f72cff0000 of 64 bytes failed: Only part of a ReadProcessMemory or WriteProcessMemory request was completed. (0x12B)
[0920/181735.432:WARNING:pe_image_reader.cc(340)] could not read dos header from C:\Program Files (x86)\Google\Chrome\Application\chrome.exe
[0920/181735.432:ERROR:process_memory_win.cc(73)] ReadMemory at 0x7fe5a960000 of 64 bytes failed: Only part of a ReadProcessMemory or WriteProcessMemory request was completed. (0x12B)
[0920/181735.432:WARNING:pe_image_reader.cc(340)] could not read dos header from C:\Windows\SYSTEM32\ntdll.dll
[0920/181735.432:ERROR:process_memory_win.cc(73)] ReadMemory at 0x7fe595c0000 of 64 bytes failed: Only part of a ReadProcessMemory or WriteProcessMemory request was completed. (0x12B)
[0920/181735.432:WARNING:pe_image_reader.cc(340)] could not read dos header from C:\Windows\system32\KERNEL32.DLL
[0920/181735.432:ERROR:process_memory_win.cc(73)] ReadMemory at 0x7fe57980000 of 64 bytes failed: Only part of a ReadProcessMemory or WriteProcessMemory request was completed. (0x12B)
[0920/181735.432:WARNING:pe_image_reader.cc(340)] could not read dos header from C:\Windows\system32\KERNELBASE.dll
[0920/181735.432:ERROR:process_memory_win.cc(73)] ReadMemory at 0x7fe48d20000 of 64 bytes failed: Only part of a ReadProcessMemory or WriteProcessMemory request was completed. (0x12B)
[0920/181735.432:WARNING:pe_image_reader.cc(340)] could not read dos header from C:\Program Files (x86)\Google\Chrome\Application\85.0.4183.102\chrome_elf.dll
[0920/181735.432:ERROR:process_memory_win.cc(73)] ReadMemory at 0x7fe50ff0000 of 64 bytes failed: Only part of a ReadProcessMemory or WriteProcessMemory request was completed. (0x12B)
[0920/181735.432:WARNING:pe_image_reader.cc(340)] could not read dos header from C:\Windows\SYSTEM32\VERSION.dll
[0920/181735.432:ERROR:process_memory_win.cc(73)] ReadMemory at 0x7fe5a5e0000 of 64 bytes failed: Only part of a ReadProcessMemory or WriteProcessMemory request was completed. (0x12B)
[0920/181735.432:WARNING:pe_image_reader.cc(340)] could not read dos header from C:\Windows\system32\msvcrt.dll
[0920/181735.432:ERROR:process_memory_win.cc(73)] ReadMemory at 0x7fe5a690000 of 64 bytes failed: Only part of a ReadProcessMemory or WriteProcessMemory request was completed. (0x12B)
[0920/181735.432:WARNING:pe_image_reader.cc(340)] could not read dos header from C:\Windows\system32\ADVAPI32.dll
[0920/181735.432:ERROR:process_memory_win.cc(73)] ReadMemory at 0x7fe59a80000 of 64 bytes failed: Only part of a ReadProcessMemory or WriteProcessMemory request was completed. (0x12B)
[0920/181735.432:WARNING:pe_image_reader.cc(340)] could not read dos header from C:\Windows\SYSTEM32\sechost.dll
[0920/181735.432:ERROR:process_memory_win.cc(73)] ReadMemory at 0x7fe59c10000 of 64 bytes failed: Only part of a ReadProcessMemory or WriteProcessMemory request was completed. (0x12B)
[0920/181735.432:WARNING:pe_image_reader.cc(340)] could not read dos header from C:\Windows\system32\RPCRT4.dll
[0920/181735.432:ERROR:process_memory_win.cc(73)] ReadMemory at 0x7fe30f80000 of 64 bytes failed: Only part of a ReadProcessMemory or WriteProcessMemory request was completed. (0x12B)
[0920/181735.432:WARNING:pe_image_reader.cc(340)] could not read dos header from C:\Program Files (x86)\Google\Chrome\Application\85.0.4183.102\chrome.dll
[0920/181735.432:ERROR:process_memory_win.cc(73)] ReadMemory at 0x7fe57d40000 of 64 bytes failed: Only part of a ReadProcessMemory or WriteProcessMemory request was completed. (0x12B)
[0920/181735.432:WARNING:pe_image_reader.cc(340)] could not read dos header from C:\Windows\system32\WS2_32.dll
[0920/181735.432:ERROR:process_memory_win.cc(73)] ReadMemory at 0x7fe52750000 of 64 bytes failed: Only part of a ReadProcessMemory or WriteProcessMemory request was completed. (0x12B)
[0920/181735.432:WARNING:pe_image_reader.cc(340)] could not read dos header from C:\Windows\SYSTEM32\IPHLPAPI.DLL
[0920/181735.432:ERROR:process_memory_win.cc(73)] ReadMemory at 0x7fe5a110000 of 64 bytes failed: Only part of a ReadProcessMemory or WriteProcessMemory request was completed. (0x12B)
[0920/181735.432:WARNING:pe_image_reader.cc(340)] could not read dos header from C:\Windows\system32\OLEAUT32.dll
[0920/181735.432:ERROR:process_memory_win.cc(73)] ReadMemory at 0x7fe52ee0000 of 64 bytes failed: Only part of a ReadProcessMemory or WriteProcessMemory request was completed. (0x12B)
[0920/181735.432:WARNING:pe_image_reader.cc(340)] could not read dos header from C:\Windows\SYSTEM32\WINMM.dll
[0920/181735.432:ERROR:process_memory_win.cc(73)] ReadMemory at 0x7fe546e0000 of 64 bytes failed: Only part of a ReadProcessMemory or WriteProcessMemory request was completed. (0x12B)
[0920/181735.432:WARNING:pe_image_reader.cc(340)] could not read dos header from C:\Windows\SYSTEM32\UIAutomationCore.DLL
[0920/181735.432:ERROR:process_memory_win.cc(73)] ReadMemory at 0x7fe4e840000 of 64 bytes failed: Only part of a ReadProcessMemory or WriteProcessMemory request was completed. (0x12B)
[0920/181735.432:WARNING:pe_image_reader.cc(340)] could not read dos header from C:\Windows\SYSTEM32\Secur32.dll
[0920/181735.432:ERROR:process_memory_win.cc(73)] ReadMemory at 0x7fe56e30000 of 64 bytes failed: Only part of a ReadProcessMemory or WriteProcessMemory request was completed. (0x12B)
[0920/181735.432:WARNING:pe_image_reader.cc(340)] could not read dos header from C:\Windows\SYSTEM32\USERENV.dll
[0920/181735.432:ERROR:process_memory_win.cc(73)] ReadMemory at 0x7fe57ce0000 of 64 bytes failed: Only part of a ReadProcessMemory or WriteProcessMemory request was completed. (0x12B)
[0920/181735.432:WARNING:pe_image_reader.cc(340)] could not read dos header from C:\Windows\system32\WINTRUST.dll
[0920/181735.432:ERROR:process_memory_win.cc(73)] ReadMemory at 0x7fe57b00000 of 64 bytes failed: Only part of a ReadProcessMemory or WriteProcessMemory request was completed. (0x12B)
[0920/181735.432:WARNING:pe_image_reader.cc(340)] could not read dos header from C:\Windows\system32\CRYPT32.dll
[0920/181735.432:ERROR:process_memory_win.cc(73)] ReadMemory at 0x7fe552f0000 of 64 bytes failed: Only part of a ReadProcessMemory or WriteProcessMemory request was completed. (0x12B)
[0920/181735.432:WARNING:pe_image_reader.cc(340)] could not read dos header from C:\Windows\SYSTEM32\DWrite.dll
[0920/181735.432:ERROR:process_memory_win.cc(73)] ReadMemory at 0x7fe554c0000 of 64 bytes failed: Only part of a ReadProcessMemory or WriteProcessMemory request was completed. (0x12B)
[0920/181735.432:WARNING:pe_image_reader.cc(340)] could not read dos header from C:\Windows\SYSTEM32\WINSPOOL.DRV
[0920/181735.432:ERROR:process_memory_win.cc(73)] ReadMemory at 0x7fe47df0000 of 64 bytes failed: Only part of a ReadProcessMemory or WriteProcessMemory request was completed. (0x12B)
[0920/181735.432:WARNING:pe_image_reader.cc(340)] could not read dos header from C:\Windows\SYSTEM32\dbghelp.dll
[0920/181735.432:ERROR:process_memory_win.cc(73)] ReadMemory at 0x7fe50d00000 of 64 bytes failed: Only part of a ReadProcessMemory or WriteProcessMemory request was completed. (0x12B)
[0920/181735.432:WARNING:pe_image_reader.cc(340)] could not read dos header from C:\Windows\SYSTEM32\WINHTTP.dll
[0920/181735.432:ERROR:process_memory_win.cc(73)] ReadMemory at 0x7fe52290000 of 64 bytes failed: Only part of a ReadProcessMemory or WriteProcessMemory request was completed. (0x12B)
[0920/181735.432:WARNING:pe_image_reader.cc(340)] could not read dos header from C:\Windows\SYSTEM32\dhcpcsvc.DLL
[0920/181735.432:ERROR:process_memory_win.cc(73)] ReadMemory at 0x7fe59c00000 of 64 bytes failed: Only part of a ReadProcessMemory or WriteProcessMemory request was completed. (0x12B)
[0920/181735.432:WARNING:pe_image_reader.cc(340)] could not read dos header from C:\Windows\system32\NSI.dll
[0920/181735.432:ERROR:process_memory_win.cc(73)] ReadMemory at 0x7fe52730000 of 64 bytes failed: Only part of a ReadProcessMemory or WriteProcessMemory request was completed. (0x12B)
[0920/181735.432:WARNING:pe_image_reader.cc(340)] could not read dos header from C:\Windows\SYSTEM32\WINNSI.DLL
[0920/181735.432:ERROR:process_memory_win.cc(73)] ReadMemory at 0x7fe5a3d0000 of 64 bytes failed: Only part of a ReadProcessMemory or WriteProcessMemory request was completed. (0x12B)
[0920/181735.432:WARNING:pe_image_reader.cc(340)] could not read dos header from C:\Windows\system32\combase.dll
[0920/181735.432:ERROR:process_memory_win.cc(73)] ReadMemory at 0x7fe52ea0000 of 64 bytes failed: Only part of a ReadProcessMemory or WriteProcessMemory request was completed. (0x12B)
[0920/181735.432:WARNING:pe_image_reader.cc(340)] could not read dos header from C:\Windows\SYSTEM32\WINMMBASE.dll
[0920/181735.432:ERROR:process_memory_win.cc(73)] ReadMemory at 0x7fe5a1e0000 of 64 bytes failed: Only part of a ReadProcessMemory or WriteProcessMemory request was completed. (0x12B)
[0920/181735.432:WARNING:pe_image_reader.cc(340)] could not read dos header from C:\Windows\system32\USER32.dll
[0920/181735.432:ERROR:process_memory_win.cc(73)] ReadMemory at 0x7fe57800000 of 64 bytes failed: Only part of a ReadProcessMemory or WriteProcessMemory request was completed. (0x12B)
[0920/181735.432:WARNING:pe_image_reader.cc(340)] could not read dos header from C:\Windows\SYSTEM32\profapi.dll
[0920/181735.432:ERROR:process_memory_win.cc(73)] ReadMemory at 0x7fe578b0000 of 64 bytes failed: Only part of a ReadProcessMemory or WriteProcessMemory request was completed. (0x12B)
[0920/181735.432:WARNING:pe_image_reader.cc(340)] could not read dos header from C:\Windows\system32\MSASN1.dll
[0920/181735.432:ERROR:process_memory_win.cc(73)] ReadMemory at 0x7fe57ab0000 of 64 bytes failed: Only part of a ReadProcessMemory or WriteProcessMemory request was completed. (0x12B)
[0920/181735.432:WARNING:pe_image_reader.cc(340)] could not read dos header from C:\Windows\SYSTEM32\cfgmgr32.dll
[0920/181735.432:ERROR:process_memory_win.cc(73)] ReadMemory at 0x7fe57a80000 of 64 bytes failed: Only part of a ReadProcessMemory or WriteProcessMemory request was completed. (0x12B)
[0920/181735.432:WARNING:pe_image_reader.cc(340)] could not read dos header from C:\Windows\system32\DEVOBJ.dll
[0920/181735.432:ERROR:process_memory_win.cc(73)] ReadMemory at 0x7fe59910000 of 64 bytes failed: Only part of a ReadProcessMemory or WriteProcessMemory request was completed. (0x12B)
[0920/181735.432:WARNING:pe_image_reader.cc(340)] could not read dos header from C:\Windows\system32\GDI32.dll
[0920/181735.432:ERROR:process_memory_win.cc(73)] ReadMemory at 0x7fe575b0000 of 64 bytes failed: Only part of a ReadProcessMemory or WriteProcessMemory request was completed. (0x12B)
[0920/181735.440:WARNING:pe_image_reader.cc(340)] could not read dos header from C:\Windows\SYSTEM32\SSPICLI.DLL
[0920/181735.440:ERROR:process_memory_win.cc(73)] ReadMemory at 0x7fe59090000 of 64 bytes failed: Only part of a ReadProcessMemory or WriteProcessMemory request was completed. (0x12B)
[0920/181735.440:WARNING:pe_image_reader.cc(340)] could not read dos header from C:\Windows\system32\IMM32.DLL
[0920/181735.440:ERROR:process_memory_win.cc(73)] ReadMemory at 0x7fe59ad0000 of 64 bytes failed: Only part of a ReadProcessMemory or WriteProcessMemory request was completed. (0x12B)
[0920/181735.440:WARNING:pe_image_reader.cc(340)] could not read dos header from C:\Windows\system32\MSCTF.dll
[0920/181735.440:ERROR:process_memory_win.cc(73)] ReadMemory at 0x7fe57640000 of 64 bytes failed: Only part of a ReadProcessMemory or WriteProcessMemory request was completed. (0x12B)
[0920/181735.440:WARNING:pe_image_reader.cc(340)] could not read dos header from C:\Windows\SYSTEM32\cryptbase.dll
[0920/181735.440:ERROR:process_memory_win.cc(73)] ReadMemory at 0x7fe575e0000 of 64 bytes failed: Only part of a ReadProcessMemory or WriteProcessMemory request was completed. (0x12B)
[0920/181735.440:WARNING:pe_image_reader.cc(340)] could not read dos header from C:\Windows\SYSTEM32\bcryptPrimitives.dll
[0920/181735.592:ERROR:process_memory_win.cc(73)] ReadMemory at 0x2cb2a8b000 of 86016 bytes failed: Only part of a ReadProcessMemory or WriteProcessMemory request was completed. (0x12B)
[0920/181735.592:ERROR:process_memory_win.cc(73)] ReadMemory at 0x2cb4d1d000 of 12288 bytes failed: Only part of a ReadProcessMemory or WriteProcessMemory request was completed. (0x12B)
[0920/181735.592:ERROR:process_memory_win.cc(73)] ReadMemory at 0x2cb5d1c000 of 16384 bytes failed: Only part of a ReadProcessMemory or WriteProcessMemory request was completed. (0x12B)
[0920/181735.592:ERROR:process_memory_win.cc(73)] ReadMemory at 0x2cb651b000 of 20480 bytes failed: Only part of a ReadProcessMemory or WriteProcessMemory request was completed. (0x12B)
[0920/181735.592:ERROR:process_memory_win.cc(73)] ReadMemory at 0x2cb6d1e000 of 8192 bytes failed: Only part of a ReadProcessMemory or WriteProcessMemory request was completed. (0x12B)
[0920/181735.592:ERROR:process_memory_win.cc(73)] ReadMemory at 0x2cb751c000 of 16384 bytes failed: Only part of a ReadProcessMemory or WriteProcessMemory request was completed. (0x12B)
[0920/181735.592:ERROR:process_memory_win.cc(73)] ReadMemory at 0x2cb7e1b000 of 20480 bytes failed: Only part of a ReadProcessMemory or WriteProcessMemory request was completed. (0x12B)
[0920/181735.592:ERROR:process_memory_win.cc(73)] ReadMemory at 0x2cb961d000 of 12288 bytes failed: Only part of a ReadProcessMemory or WriteProcessMemory request was completed. (0x12B)
[0920/181735.592:ERROR:process_memory_win.cc(73)] ReadMemory at 0x2cb8e1b000 of 20480 bytes failed: Only part of a ReadProcessMemory or WriteProcessMemory request was completed. (0x12B)
[0920/181735.592:ERROR:process_memory_win.cc(73)] ReadMemory at 0x2cb9e1a000 of 24576 bytes failed: Only part of a ReadProcessMemory or WriteProcessMemory request was completed. (0x12B)
[0920/181735.592:ERROR:process_memory_win.cc(73)] ReadMemory at 0x2cbac3d000 of 12288 bytes failed: Only part of a ReadProcessMemory or WriteProcessMemory request was completed. (0x12B)
[0920/181735.592:ERROR:process_memory_win.cc(73)] ReadMemory at 0x2cbccdd000 of 12288 bytes failed: Only part of a ReadProcessMemory or WriteProcessMemory request was completed. (0x12B)
[0920/181735.592:ERROR:process_memory_win.cc(73)] ReadMemory at 0x2cb861f000 of 4096 bytes failed: Only part of a ReadProcessMemory or WriteProcessMemory request was completed. (0x12B)
[0920/181735.592:ERROR:process_memory_win.cc(73)] ReadMemory at 0x2cb2c21f00 of 512 bytes failed: Only part of a ReadProcessMemory or WriteProcessMemory request was completed. (0x12B)
[0920/181735.592:ERROR:process_memory_win.cc(73)] ReadMemory at 0x2cb2c40000 of 624 bytes failed: Only part of a ReadProcessMemory or WriteProcessMemory request was completed. (0x12B)
[0920/181735.592:ERROR:process_memory_win.cc(73)] ReadMemory at 0x2cb2c40860 of 4800 bytes failed: Only part of a ReadProcessMemory or WriteProcessMemory request was completed. (0x12B)
[0920/181735.592:ERROR:process_memory_win.cc(73)] ReadMemory at 0x2cb2c41b30 of 1012 bytes failed: Only part of a ReadProcessMemory or WriteProcessMemory request was completed. (0x12B)
[0920/181735.592:ERROR:process_memory_win.cc(73)] ReadMemory at 0x2cb2c42148 of 118 bytes failed: Only part of a ReadProcessMemory or WriteProcessMemory request was completed. (0x12B)
[0920/181735.632:ERROR:process_memory_win.cc(73)] ReadMemory at 0x2cb2c421c0 of 676 bytes failed: Only part of a ReadProcessMemory or WriteProcessMemory request was completed. (0x12B)
[0920/181735.632:ERROR:process_memory_win.cc(73)] ReadMemory at 0x2cb2c42466 of 118 bytes failed: Only part of a ReadProcessMemory or WriteProcessMemory request was completed. (0x12B)
[0920/181735.688:ERROR:process_memory_win.cc(73)] ReadMemory at 0x2cb2c424de of 100 bytes failed: Only part of a ReadProcessMemory or WriteProcessMemory request was completed. (0x12B)
[0920/181735.688:ERROR:process_memory_win.cc(73)] ReadMemory at 0x2cb2c42550 of 58 bytes failed: Only part of a ReadProcessMemory or WriteProcessMemory request was completed. (0x12B)
[0920/181735.688:ERROR:process_memory_win.cc(73)] ReadMemory at 0x2cb2c42650 of 132 bytes failed: Only part of a ReadProcessMemory or WriteProcessMemory request was completed. (0x12B)
[0920/181735.688:ERROR:process_memory_win.cc(73)] ReadMemory at 0x2cb2c427d0 of 132 bytes failed: Only part of a ReadProcessMemory or WriteProcessMemory request was completed. (0x12B)
[0920/181735.688:ERROR:process_memory_win.cc(73)] ReadMemory at 0x2cb2c429d0 of 126 bytes failed: Only part of a ReadProcessMemory or WriteProcessMemory request was completed. (0x12B)
[0920/181735.688:ERROR:process_memory_win.cc(73)] ReadMemory at 0x2cb2c42cb0 of 64 bytes failed: Only part of a ReadProcessMemory or WriteProcessMemory request was completed. (0x12B)
[0920/181735.688:ERROR:process_memory_win.cc(73)] ReadMemory at 0x2cb2c42d00 of 132 bytes failed: Only part of a ReadProcessMemory or WriteProcessMemory request was completed. (0x12B)
[0920/181735.688:ERROR:process_memory_win.cc(73)] ReadMemory at 0x2cb2c43010 of 62 bytes failed: Only part of a ReadProcessMemory or WriteProcessMemory request was completed. (0x12B)
[0920/181735.768:ERROR:process_memory_win.cc(73)] ReadMemory at 0x2cb2c43060 of 68 bytes failed: Only part of a ReadProcessMemory or WriteProcessMemory request was completed. (0x12B)
[0920/181735.784:ERROR:process_memory_win.cc(73)] ReadMemory at 0x2cb2c430b0 of 132 bytes failed: Only part of a ReadProcessMemory or WriteProcessMemory request was completed. (0x12B)
[0920/181735.784:ERROR:process_memory_win.cc(73)] ReadMemory at 0x2cb2c43dd0 of 154 bytes failed: Only part of a ReadProcessMemory or WriteProcessMemory request was completed. (0x12B)
[0920/181735.784:ERROR:process_memory_win.cc(73)] ReadMemory at 0x2cb2c43e80 of 132 bytes failed: Only part of a ReadProcessMemory or WriteProcessMemory request was completed. (0x12B)
[0920/181735.784:ERROR:process_memory_win.cc(73)] ReadMemory at 0x2cb2c43fa0 of 132 bytes failed: Only part of a ReadProcessMemory or WriteProcessMemory request was completed. (0x12B)
[0920/181735.784:ERROR:process_memory_win.cc(73)] ReadMemory at 0x2cb2c452e0 of 60 bytes failed: Only part of a ReadProcessMemory or WriteProcessMemory request was completed. (0x12B)
[0920/181735.784:ERROR:process_memory_win.cc(73)] ReadMemory at 0x2cb2c45330 of 132 bytes failed: Only part of a ReadProcessMemory or WriteProcessMemory request was completed. (0x12B)
[0920/181735.784:ERROR:process_memory_win.cc(73)] ReadMemory at 0x2cb2c4a180 of 58 bytes failed: Only part of a ReadProcessMemory or WriteProcessMemory request was completed. (0x12B)
[0920/181735.784:ERROR:process_memory_win.cc(73)] ReadMemory at 0x2cb2c4a220 of 62 bytes failed: Only part of a ReadProcessMemory or WriteProcessMemory request was completed. (0x12B)
[0920/181735.784:ERROR:process_memory_win.cc(73)] ReadMemory at 0x2cb2c4a360 of 60 bytes failed: Only part of a ReadProcessMemory or WriteProcessMemory request was completed. (0x12B)
[0920/181735.784:ERROR:process_memory_win.cc(73)] ReadMemory at 0x2cb2c4a3b0 of 60 bytes failed: Only part of a ReadProcessMemory or WriteProcessMemory request was completed. (0x12B)
[0920/181735.784:ERROR:process_memory_win.cc(73)] ReadMemory at 0x2cb2c4a4f0 of 64 bytes failed: Only part of a ReadProcessMemory or WriteProcessMemory request was completed. (0x12B)
[0920/181735.784:ERROR:process_memory_win.cc(73)] ReadMemory at 0x2cb2c4a680 of 64 bytes failed: Only part of a ReadProcessMemory or WriteProcessMemory request was completed. (0x12B)
[0920/181735.784:ERROR:process_memory_win.cc(73)] ReadMemory at 0x2cb2c4a770 of 64 bytes failed: Only part of a ReadProcessMemory or WriteProcessMemory request was completed. (0x12B)
[0920/181735.784:ERROR:process_memory_win.cc(73)] ReadMemory at 0x2cb2c4a860 of 62 bytes failed: Only part of a ReadProcessMemory or WriteProcessMemory request was completed. (0x12B)
[0920/181735.784:ERROR:process_memory_win.cc(73)] ReadMemory at 0x2cb2c4a8b0 of 62 bytes failed: Only part of a ReadProcessMemory or WriteProcessMemory request was completed. (0x12B)
[0920/181735.784:ERROR:process_memory_win.cc(73)] ReadMemory at 0x2cb2c521e0 of 132 bytes failed: Only part of a ReadProcessMemory or WriteProcessMemory request was completed. (0x12B)
[0920/181735.784:ERROR:process_memory_win.cc(73)] ReadMemory at 0x2cb2c52300 of 132 bytes failed: Only part of a ReadProcessMemory or WriteProcessMemory request was completed. (0x12B)
[0920/181736.008:ERROR:process_memory_win.cc(73)] ReadMemory at 0x2cb2c53130 of 146 bytes failed: Only part of a ReadProcessMemory or WriteProcessMemory request was completed. (0x12B)
[0920/181736.008:ERROR:process_memory_win.cc(73)] ReadMemory at 0x2cb2c53970 of 54 bytes failed: Only part of a ReadProcessMemory or WriteProcessMemory request was completed. (0x12B)
[0920/181736.008:ERROR:process_memory_win.cc(73)] ReadMemory at 0x2cb2c53bf0 of 132 bytes failed: Only part of a ReadProcessMemory or WriteProcessMemory request was completed. (0x12B)
[0920/181736.008:ERROR:process_memory_win.cc(73)] ReadMemory at 0x2cb2c53f30 of 132 bytes failed: Only part of a ReadProcessMemory or WriteProcessMemory request was completed. (0x12B)
[0920/181736.008:ERROR:process_memory_win.cc(73)] ReadMemory at 0x2cb2c54a60 of 132 bytes failed: Only part of a ReadProcessMemory or WriteProcessMemory request was completed. (0x12B)
[0920/181736.008:ERROR:process_memory_win.cc(73)] ReadMemory at 0x2cb2c57850 of 512 bytes failed: Only part of a ReadProcessMemory or WriteProcessMemory request was completed. (0x12B)
[0920/181736.024:ERROR:process_memory_win.cc(73)] ReadMemory at 0x2cb2c58100 of 132 bytes failed: Only part of a ReadProcessMemory or WriteProcessMemory request was completed. (0x12B)
[0920/181736.024:ERROR:process_memory_win.cc(73)] ReadMemory at 0x2cb2c58220 of 132 bytes failed: Only part of a ReadProcessMemory or WriteProcessMemory request was completed. (0x12B)
[0920/181736.024:ERROR:process_memory_win.cc(73)] ReadMemory at 0x2cb2c58340 of 132 bytes failed: Only part of a ReadProcessMemory or WriteProcessMemory request was completed. (0x12B)
[0920/181736.024:ERROR:process_memory_win.cc(73)] ReadMemory at 0x2cb2c58460 of 132 bytes failed: Only part of a ReadProcessMemory or WriteProcessMemory request was completed. (0x12B)
[0920/181736.024:ERROR:process_memory_win.cc(73)] ReadMemory at 0x2cb2c58580 of 132 bytes failed: Only part of a ReadProcessMemory or WriteProcessMemory request was completed. (0x12B)
[0920/181736.024:ERROR:process_memory_win.cc(73)] ReadMemory at 0x2cb2c594c0 of 80 bytes failed: Only part of a ReadProcessMemory or WriteProcessMemory request was completed. (0x12B)
[0920/181736.296:ERROR:process_memory_win.cc(73)] ReadMemory at 0x2cb2c5a1c0 of 132 bytes failed: Only part of a ReadProcessMemory or WriteProcessMemory request was completed. (0x12B)
[0920/181736.296:ERROR:process_memory_win.cc(73)] ReadMemory at 0x2cb2c5a2e0 of 132 bytes failed: Only part of a ReadProcessMemory or WriteProcessMemory request was completed. (0x12B)
[0920/181736.296:ERROR:process_memory_win.cc(73)] ReadMemory at 0x2cb2c5a400 of 132 bytes failed: Only part of a ReadProcessMemory or WriteProcessMemory request was completed. (0x12B)
[0920/181736.296:ERROR:process_memory_win.cc(73)] ReadMemory at 0x2cb2c5a520 of 132 bytes failed: Only part of a ReadProcessMemory or WriteProcessMemory request was completed. (0x12B)
[0920/181736.296:ERROR:process_memory_win.cc(73)] ReadMemory at 0x2cb2c5a640 of 132 bytes failed: Only part of a ReadProcessMemory or WriteProcessMemory request was completed. (0x12B)
[0920/181736.296:ERROR:process_memory_win.cc(73)] ReadMemory at 0x2cb2c5a760 of 132 bytes failed: Only part of a ReadProcessMemory or WriteProcessMemory request was completed. (0x12B)
[0920/181736.296:ERROR:process_memory_win.cc(73)] ReadMemory at 0x2cb2c5a880 of 132 bytes failed: Only part of a ReadProcessMemory or WriteProcessMemory request was completed. (0x12B)
[0920/181736.296:ERROR:process_memory_win.cc(73)] ReadMemory at 0x2cb2c5a9a0 of 132 bytes failed: Only part of a ReadProcessMemory or WriteProcessMemory request was completed. (0x12B)
[0920/181736.296:ERROR:process_memory_win.cc(73)] ReadMemory at 0x2cb2c5aac0 of 132 bytes failed: Only part of a ReadProcessMemory or WriteProcessMemory request was completed. (0x12B)
[0920/181736.296:ERROR:process_memory_win.cc(73)] ReadMemory at 0x2cb2c5abe0 of 132 bytes failed: Only part of a ReadProcessMemory or WriteProcessMemory request was completed. (0x12B)
[0920/181736.296:ERROR:process_memory_win.cc(73)] ReadMemory at 0x2cb2c5ad00 of 132 bytes failed: Only part of a ReadProcessMemory or WriteProcessMemory request was completed. (0x12B)
[0920/181736.296:ERROR:process_memory_win.cc(73)] ReadMemory at 0x2cb2c5ae20 of 132 bytes failed: Only part of a ReadProcessMemory or WriteProcessMemory request was completed. (0x12B)
[0920/181736.296:ERROR:process_memory_win.cc(73)] ReadMemory at 0x2cb2c5af40 of 132 bytes failed: Only part of a ReadProcessMemory or WriteProcessMemory request was completed. (0x12B)
[0920/181736.296:ERROR:process_memory_win.cc(73)] ReadMemory at 0x2cb2c5b440 of 64 bytes failed: Only part of a ReadProcessMemory or WriteProcessMemory request was completed. (0x12B)
[0920/181736.400:ERROR:process_memory_win.cc(73)] ReadMemory at 0x2cb2c5b4e0 of 62 bytes failed: Only part of a ReadProcessMemory or WriteProcessMemory request was completed. (0x12B)
[0920/181736.408:ERROR:process_memory_win.cc(73)] ReadMemory at 0x2cb2c5b530 of 64 bytes failed: Only part of a ReadProcessMemory or WriteProcessMemory request was completed. (0x12B)
[0920/181736.408:ERROR:process_memory_win.cc(73)] ReadMemory at 0x2cb2c5b5d0 of 62 bytes failed: Only part of a ReadProcessMemory or WriteProcessMemory request was completed. (0x12B)
[0920/181736.408:ERROR:process_memory_win.cc(73)] ReadMemory at 0x2cb2c5b620 of 62 bytes failed: Only part of a ReadProcessMemory or WriteProcessMemory request was completed. (0x12B)
[0920/181736.440:ERROR:process_memory_win.cc(73)] ReadMemory at 0x2cb2c5b670 of 60 bytes failed: Only part of a ReadProcessMemory or WriteProcessMemory request was completed. (0x12B)
[0920/181736.440:ERROR:process_memory_win.cc(73)] ReadMemory at 0x2cb2c5b6c0 of 66 bytes failed: Only part of a ReadProcessMemory or WriteProcessMemory request was completed. (0x12B)
[0920/181736.488:ERROR:process_memory_win.cc(73)] ReadMemory at 0x2cb2c5b710 of 62 bytes failed: Only part of a ReadProcessMemory or WriteProcessMemory request was completed. (0x12B)
[0920/181736.488:ERROR:process_memory_win.cc(73)] ReadMemory at 0x2cb2c5b800 of 60 bytes failed: Only part of a ReadProcessMemory or WriteProcessMemory request was completed. (0x12B)
[0920/181736.488:ERROR:process_memory_win.cc(73)] ReadMemory at 0x2cb2c5b850 of 60 bytes failed: Only part of a ReadProcessMemory or WriteProcessMemory request was completed. (0x12B)
[0920/181736.488:ERROR:process_memory_win.cc(73)] ReadMemory at 0x2cb2c5b8a0 of 58 bytes failed: Only part of a ReadProcessMemory or WriteProcessMemory request was completed. (0x12B)
[0920/181736.488:ERROR:process_memory_win.cc(73)] ReadMemory at 0x2cb2c5b940 of 58 bytes failed: Only part of a ReadProcessMemory or WriteProcessMemory request was completed. (0x12B)
[0920/181736.488:ERROR:process_memory_win.cc(73)] ReadMemory at 0x2cb2c5b9e0 of 64 bytes failed: Only part of a ReadProcessMemory or WriteProcessMemory request was completed. (0x12B)
[0920/181736.488:ERROR:process_memory_win.cc(73)] ReadMemory at 0x2cb2c5bad0 of 58 bytes failed: Only part of a ReadProcessMemory or WriteProcessMemory request was completed. (0x12B)
[0920/181736.488:ERROR:process_memory_win.cc(73)] ReadMemory at 0x2cb2c5bc60 of 64 bytes failed: Only part of a ReadProcessMemory or WriteProcessMemory request was completed. (0x12B)
[0920/181736.488:ERROR:process_memory_win.cc(73)] ReadMemory at 0x2cb2c5bd50 of 62 bytes failed: Only part of a ReadProcessMemory or WriteProcessMemory request was completed. (0x12B)
[0920/181736.488:ERROR:process_memory_win.cc(73)] ReadMemory at 0x2cb2c5bda0 of 62 bytes failed: Only part of a ReadProcessMemory or WriteProcessMemory request was completed. (0x12B)
[0920/181736.488:ERROR:process_memory_win.cc(73)] ReadMemory at 0x2cb2c5bee0 of 60 bytes failed: Only part of a ReadProcessMemory or WriteProcessMemory request was completed. (0x12B)
[0920/181736.640:ERROR:process_memory_win.cc(73)] ReadMemory at 0x2cb2c5c110 of 60 bytes failed: Only part of a ReadProcessMemory or WriteProcessMemory request was completed. (0x12B)
[0920/181736.640:ERROR:process_memory_win.cc(73)] ReadMemory at 0x2cb2c5ca00 of 132 bytes failed: Only part of a ReadProcessMemory or WriteProcessMemory request was completed. (0x12B)
[0920/181736.640:ERROR:process_memory_win.cc(73)] ReadMemory at 0x2cb2c5cb20 of 132 bytes failed: Only part of a ReadProcessMemory or WriteProcessMemory request was completed. (0x12B)
[0920/181736.640:ERROR:process_memory_win.cc(73)] ReadMemory at 0x2cb2c5cc40 of 132 bytes failed: Only part of a ReadProcessMemory or WriteProcessMemory request was completed. (0x12B)
[0920/181736.640:ERROR:process_memory_win.cc(73)] ReadMemory at 0x2cb2c5cfa0 of 132 bytes failed: Only part of a ReadProcessMemory or WriteProcessMemory request was completed. (0x12B)
[0920/181736.984:ERROR:process_memory_win.cc(73)] ReadMemory at 0x2cb2c5d0c0 of 132 bytes failed: Only part of a ReadProcessMemory or WriteProcessMemory request was completed. (0x12B)
[0920/181736.984:ERROR:process_memory_win.cc(73)] ReadMemory at 0x2cb2c5d8a0 of 132 bytes failed: Only part of a ReadProcessMemory or WriteProcessMemory request was completed. (0x12B)
[0920/181736.984:ERROR:process_memory_win.cc(73)] ReadMemory at 0x2cb2c5df60 of 132 bytes failed: Only part of a ReadProcessMemory or WriteProcessMemory request was completed. (0x12B)
[0920/181737.080:ERROR:process_memory_win.cc(73)] ReadMemory at 0x2cb2c5e1a0 of 132 bytes failed: Only part of a ReadProcessMemory or WriteProcessMemory request was completed. (0x12B)
[0920/181737.080:ERROR:process_memory_win.cc(73)] ReadMemory at 0x2cb2c5e2c0 of 132 bytes failed: Only part of a ReadProcessMemory or WriteProcessMemory request was completed. (0x12B)
[0920/181737.096:ERROR:process_memory_win.cc(73)] ReadMemory at 0x2cb2c5e3e0 of 132 bytes failed: Only part of a ReadProcessMemory or WriteProcessMemory request was completed. (0x12B)
[0920/181737.096:ERROR:process_memory_win.cc(73)] ReadMemory at 0x2cb2c98640 of 66 bytes failed: Only part of a ReadProcessMemory or WriteProcessMemory request was completed. (0x12B)
[0920/181737.096:ERROR:process_memory_win.cc(73)] ReadMemory at 0x2cb2c993b0 of 512 bytes failed: Only part of a ReadProcessMemory or WriteProcessMemory request was completed. (0x12B)
[0920/181737.096:ERROR:process_memory_win.cc(73)] ReadMemory at 0x2cb2ca0020 of 80 bytes failed: Only part of a ReadProcessMemory or WriteProcessMemory request was completed. (0x12B)
[0920/181737.096:ERROR:process_memory_win.cc(73)] ReadMemory at 0x2cb2ca83c0 of 512 bytes failed: Only part of a ReadProcessMemory or WriteProcessMemory request was completed. (0x12B)
[0920/181737.304:ERROR:process_memory_win.cc(73)] ReadMemory at 0x2cb2caa0b0 of 512 bytes failed: Only part of a ReadProcessMemory or WriteProcessMemory request was completed. (0x12B)
[0920/181737.304:ERROR:process_memory_win.cc(73)] ReadMemory at 0x2cb2cb84d0 of 512 bytes failed: Only part of a ReadProcessMemory or WriteProcessMemory request was completed. (0x12B)
[0920/181737.304:ERROR:process_memory_win.cc(73)] ReadMemory at 0x2cb2cbd470 of 512 bytes failed: Only part of a ReadProcessMemory or WriteProcessMemory request was completed. (0x12B)
[0920/181737.304:ERROR:process_memory_win.cc(73)] ReadMemory at 0x2cb2cbddb0 of 512 bytes failed: Only part of a ReadProcessMemory or WriteProcessMemory request was completed. (0x12B)
[0920/181737.304:ERROR:process_memory_win.cc(73)] ReadMemory at 0x2cb2cd1250 of 712 bytes failed: Only part of a ReadProcessMemory or WriteProcessMemory request was completed. (0x12B)
[0920/181737.304:ERROR:process_memory_win.cc(73)] ReadMemory at 0x2cb2cdb670 of 512 bytes failed: Only part of a ReadProcessMemory or WriteProcessMemory request was completed. (0x12B)
[0920/181737.304:ERROR:process_memory_win.cc(73)] ReadMemory at 0x2cb2ce37d0 of 512 bytes failed: Only part of a ReadProcessMemory or WriteProcessMemory request was completed. (0x12B)
[0920/181737.304:ERROR:process_memory_win.cc(73)] ReadMemory at 0x2cb2cfedd8 of 512 bytes failed: Only part of a ReadProcessMemory or WriteProcessMemory request was completed. (0x12B)
[0920/181737.304:ERROR:process_memory_win.cc(73)] ReadMemory at 0x2cb2d13990 of 512 bytes failed: Only part of a ReadProcessMemory or WriteProcessMemory request was completed. (0x12B)
[0920/181737.304:ERROR:process_memory_win.cc(73)] ReadMemory at 0x2cb2d35910 of 512 bytes failed: Only part of a ReadProcessMemory or WriteProcessMemory request was completed. (0x12B)
[0920/181737.312:ERROR:process_memory_win.cc(73)] ReadMemory at 0x2cb7567f50 of 512 bytes failed: Only part of a ReadProcessMemory or WriteProcessMemory request was completed. (0x12B)
[0920/181737.312:ERROR:process_memory_win.cc(73)] ReadMemory at 0x2cb75fb910 of 512 bytes failed: Only part of a ReadProcessMemory or WriteProcessMemory request was completed. (0x12B)
[0920/181737.312:ERROR:process_memory_win.cc(73)] ReadMemory at 0x2cb760ea88 of 512 bytes failed: Only part of a ReadProcessMemory or WriteProcessMemory request was completed. (0x12B)
[0920/181737.312:ERROR:process_memory_win.cc(73)] ReadMemory at 0x2cbad98928 of 512 bytes failed: Only part of a ReadProcessMemory or WriteProcessMemory request was completed. (0x12B)
[0920/181737.312:ERROR:process_memory_win.cc(73)] ReadMemory at 0x2f7669bff80 of 512 bytes failed: Only part of a ReadProcessMemory or WriteProcessMemory request was completed. (0x12B)
[0920/181737.312:ERROR:process_memory_win.cc(73)] ReadMemory at 0x2f7669cc600 of 512 bytes failed: Only part of a ReadProcessMemory or WriteProcessMemory request was completed. (0x12B)
[0920/181737.328:ERROR:process_memory_win.cc(73)] ReadMemory at 0x2f7669de978 of 512 bytes failed: Only part of a ReadProcessMemory or WriteProcessMemory request was completed. (0x12B)
[0920/181737.328:ERROR:process_memory_win.cc(73)] ReadMemory at 0x3415b204000 of 384 bytes failed: Only part of a ReadProcessMemory or WriteProcessMemory request was completed. (0x12B)
[0920/181737.328:ERROR:process_memory_win.cc(73)] ReadMemory at 0x4f41f61ed50 of 512 bytes failed: Only part of a ReadProcessMemory or WriteProcessMemory request was completed. (0x12B)
[0920/181737.328:ERROR:process_memory_win.cc(73)] ReadMemory at 0x7f72c642000 of 6024 bytes failed: Only part of a ReadProcessMemory or WriteProcessMemory request was completed. (0x12B)
[0920/181737.360:ERROR:process_memory_win.cc(73)] ReadMemory at 0x7f72c644000 of 6024 bytes failed: Only part of a ReadProcessMemory or WriteProcessMemory request was completed. (0x12B)
[0920/181737.544:ERROR:process_memory_win.cc(73)] ReadMemory at 0x7f72c646000 of 6024 bytes failed: Only part of a ReadProcessMemory or WriteProcessMemory request was completed. (0x12B)
[0920/181737.544:ERROR:process_memory_win.cc(73)] ReadMemory at 0x7f72c648000 of 6024 bytes failed: Only part of a ReadProcessMemory or WriteProcessMemory request was completed. (0x12B)
[0920/181737.544:ERROR:process_memory_win.cc(73)] ReadMemory at 0x7f72c64a000 of 6024 bytes failed: Only part of a ReadProcessMemory or WriteProcessMemory request was completed. (0x12B)
[0920/181737.544:ERROR:process_memory_win.cc(73)] ReadMemory at 0x7f72c64c000 of 6024 bytes failed: Only part of a ReadProcessMemory or WriteProcessMemory request was completed. (0x12B)
[0920/181737.544:ERROR:process_memory_win.cc(73)] ReadMemory at 0x7f72c64e000 of 6024 bytes failed: Only part of a ReadProcessMemory or WriteProcessMemory request was completed. (0x12B)
[0920/181737.544:ERROR:process_memory_win.cc(73)] ReadMemory at 0x7f72c773000 of 6024 bytes failed: Only part of a ReadProcessMemory or WriteProcessMemory request was completed. (0x12B)
[0920/181737.544:ERROR:process_memory_win.cc(73)] ReadMemory at 0x7f72c775000 of 6024 bytes failed: Only part of a ReadProcessMemory or WriteProcessMemory request was completed. (0x12B)
[0920/181737.544:ERROR:process_memory_win.cc(73)] ReadMemory at 0x7f72c777000 of 6024 bytes failed: Only part of a ReadProcessMemory or WriteProcessMemory request was completed. (0x12B)
[0920/181737.544:ERROR:process_memory_win.cc(73)] ReadMemory at 0x7f72c779000 of 6024 bytes failed: Only part of a ReadProcessMemory or WriteProcessMemory request was completed. (0x12B)
[0920/181737.544:ERROR:process_memory_win.cc(73)] ReadMemory at 0x7f72c77b000 of 6024 bytes failed: Only part of a ReadProcessMemory or WriteProcessMemory request was completed. (0x12B)
[0920/181737.544:ERROR:process_memory_win.cc(73)] ReadMemory at 0x7f72c77d000 of 6024 bytes failed: Only part of a ReadProcessMemory or WriteProcessMemory request was completed. (0x12B)
[0920/181737.544:ERROR:process_memory_win.cc(73)] ReadMemory at 0x7f72c77f000 of 852 bytes failed: Only part of a ReadProcessMemory or WriteProcessMemory request was completed. (0x12B)
[0920/181737.544:ERROR:process_memory_win.cc(73)] ReadMemory at 0x7fe30f87be9 of 512 bytes failed: Only part of a ReadProcessMemory or WriteProcessMemory request was completed. (0x12B)
[0920/181737.544:ERROR:process_memory_win.cc(73)] ReadMemory at 0x7fe31015000 of 512 bytes failed: Only part of a ReadProcessMemory or WriteProcessMemory request was completed. (0x12B)
[0920/181737.544:ERROR:process_memory_win.cc(73)] ReadMemory at 0x7fe33cae17d of 512 bytes failed: Only part of a ReadProcessMemory or WriteProcessMemory request was completed. (0x12B)
[0920/181737.544:ERROR:process_memory_win.cc(73)] ReadMemory at 0x7fe34be0b52 of 512 bytes failed: Only part of a ReadProcessMemory or WriteProcessMemory request was completed. (0x12B)
[0920/181737.544:ERROR:process_memory_win.cc(73)] ReadMemory at 0x7fe38c93ff0 of 512 bytes failed: Only part of a ReadProcessMemory or WriteProcessMemory request was completed. (0x12B)
[0920/181737.544:ERROR:process_memory_win.cc(73)] ReadMemory at 0x7fe397bb681 of 512 bytes failed: Only part of a ReadProcessMemory or WriteProcessMemory request was completed. (0x12B)
[0920/181737.576:ERROR:process_memory_win.cc(73)] ReadMemory at 0x7fe48d55160 of 512 bytes failed: Only part of a ReadProcessMemory or WriteProcessMemory request was completed. (0x12B)
[0920/181737.576:ERROR:process_memory_win.cc(73)] ReadMemory at 0x7fe48d55867 of 512 bytes failed: Only part of a ReadProcessMemory or WriteProcessMemory request was completed. (0x12B)
[0920/181737.576:ERROR:process_memory_win.cc(73)] ReadMemory at 0x7fe595c0fac of 512 bytes failed: Only part of a ReadProcessMemory or WriteProcessMemory request was completed. (0x12B)
[0920/181737.576:ERROR:process_memory_win.cc(73)] ReadMemory at 0x7fe5a962b6a of 592 bytes failed: Only part of a ReadProcessMemory or WriteProcessMemory request was completed. (0x12B)
[0920/181737.576:ERROR:process_memory_win.cc(73)] ReadMemory at 0x7fe5a9645ab of 576 bytes failed: Only part of a ReadProcessMemory or WriteProcessMemory request was completed. (0x12B)
[0920/181737.576:ERROR:process_memory_win.cc(73)] ReadMemory at 0x7fe5a966ae0 of 512 bytes failed: Only part of a ReadProcessMemory or WriteProcessMemory request was completed. (0x12B)
[0920/181737.576:ERROR:process_memory_win.cc(73)] ReadMemory at 0x7fe5a9ca558 of 18 bytes failed: Only part of a ReadProcessMemory or WriteProcessMemory request was completed. (0x12B)
[0920/181737.576:ERROR:process_memory_win.cc(73)] ReadMemory at 0x7fe5aa96100 of 40 bytes failed: Only part of a ReadProcessMemory or WriteProcessMemory request was completed. (0x12B)
[0920/181737.576:ERROR:process_memory_win.cc(73)] ReadMemory at 0x7fe5aa968c0 of 64 bytes failed: Only part of a ReadProcessMemory or WriteProcessMemory request was completed. (0x12B)
[0920/181737.832:ERROR:process_memory_win.cc(73)] ReadMemory at 0x7fe5aa9c0e0 of 48 bytes failed: Only part of a ReadProcessMemory or WriteProcessMemory request was completed. (0x12B)
[0920/181738.576:ERROR:scoped_process_suspend.cc(40)] NtResumeProcess: An attempt was made to access an exiting process. (0xc000010a)
